debug 2023/12/30 23:36:14 {}
debug 2023/12/30 23:36:27 {}
debug 2023/12/30 23:36:29 {}
debug 2023/12/30 23:36:29 {}
debug 2023/12/30 23:36:30 {}
debug 2023/12/30 23:36:34 {}
debug 2023/12/30 23:36:34 {}
debug 2023/12/30 23:36:34 {}
debug 2023/12/30 23:36:34 {}
2023/12/30 23:39:44 {}
2023/12/30 23:39:44 {}
2023/12/30 23:39:44 {}
2023/12/30 23:40:02 {}
2023/12/30 23:40:04 {}
2023/12/30 23:40:38 json {}
2023/12/30 23:40:38 json {}
2023/12/30 23:42:49 json {} New Prompt Title New Prompt Description
2023/12/30 23:42:50 json {} New Prompt Title New Prompt Description
2023/12/31 00:00:30 json {"title":"New Prompt Title","description":"New Prompt Description"} New Prompt Title New Prompt Description
2023/12/31 00:00:42 json {"title":"New Prompt Title","description":"New Prompt Description"} New Prompt Title New Prompt Description
2023/12/31 00:08:22 Error reading from WebSocket: websocket: close 1012
2023/12/31 00:08:46 Error fetching initial prompts: invalid character 'I' looking for beginning of value
2023/12/31 00:08:50 Error fetching initial prompts: invalid character 'I' looking for beginning of value
2023/12/31 00:09:19 json {"title":"New Prompt Title","description":"New Prompt Description"} New Prompt Title New Prompt Description
2023/12/31 00:11:58 Error reading from WebSocket: websocket: close 1012
2023/12/31 00:12:09 json {"title":"New Prompt Title","description":"New Prompt Description"} New Prompt Title New Prompt Description
2023/12/31 00:12:15 json {"title":"New Prompt Title","description":"New Prompt Description"} New Prompt Title New Prompt Description
2023/12/31 00:12:15 json {"title":"New Prompt Title","description":"New Prompt Description"} New Prompt Title New Prompt Description
2023/12/31 00:12:15 json {"title":"New Prompt Title","description":"New Prompt Description"} New Prompt Title New Prompt Description
2023/12/31 00:28:01 json {"title":"New Prompt Title","description":"New Prompt Description"} New Prompt Title New Prompt Description
2023/12/31 00:33:09 Error reading from WebSocket: websocket: close 1012
2023/12/31 00:36:53 json {"title":"New Prompt Title","description":"New Prompt Description"} New Prompt Title New Prompt Description
2023/12/31 00:36:58 json {"title":"New Prompt Title","description":"New Prompt Description"} New Prompt Title New Prompt Description
2023/12/31 00:37:00 json {"title":"New Prompt Title","description":"New Prompt Description"} New Prompt Title New Prompt Description
2023/12/31 00:37:00 json {"title":"New Prompt Title","description":"New Prompt Description"} New Prompt Title New Prompt Description
2023/12/31 00:37:00 json {"title":"New Prompt Title","description":"New Prompt Description"} New Prompt Title New Prompt Description
2023/12/31 00:40:29 json {"title":"New Prompt Title","description":"New Prompt Description"} New Prompt Title New Prompt Description
2023/12/31 00:42:04 Error reading from WebSocket: websocket: close 1012
2023/12/31 00:42:34 json {"title":"New Prompt Title","description":"New Prompt Description"} New Prompt Title New Prompt Description
2023/12/31 00:43:29 Error reading from WebSocket: websocket: close 1011 (internal server error): keepalive ping timeout
2023/12/31 00:43:35 json {"title":"New Prompt Title","description":"New Prompt Description"} New Prompt Title New Prompt Description
2023/12/31 00:43:39 json {"title":"New Prompt Title","description":"New Prompt Description"} New Prompt Title New Prompt Description
2023/12/31 00:43:40 json {"title":"New Prompt Title","description":"New Prompt Description"} New Prompt Title New Prompt Description
2023/12/31 00:43:47 json {"title":"New Prompt Title","description":"New Prompt Description"} New Prompt Title New Prompt Description
2023/12/31 00:47:28 Error reading from WebSocket: write tcp 127.0.0.1:51668->127.0.0.1:8000: write: broken pipe
2023/12/31 00:47:36 json {"title":"New Prompt Title","description":"New Prompt Description"} New Prompt Title New Prompt Description
2023/12/31 00:51:37 Error reading from WebSocket: websocket: close 1012
2023/12/31 01:02:25 json {"title":"New Prompt Title","description":"New Prompt Description","id":0} New Prompt Title New Prompt Description
2023/12/31 01:02:26 json {"title":"New Prompt Title","description":"New Prompt Description","id":0} New Prompt Title New Prompt Description
2023/12/31 01:02:30 json {"title":"New Prompt Title","description":"New Prompt Description","id":0} New Prompt Title New Prompt Description
2023/12/31 01:02:31 json {"title":"New Prompt Title","description":"New Prompt Description","id":0} New Prompt Title New Prompt Description
2023/12/31 01:02:43 json {"title":"New Prompt Title","description":"New Prompt Description","id":0} New Prompt Title New Prompt Description
2023/12/31 01:02:44 json {"title":"New Prompt Title","description":"New Prompt Description","id":0} New Prompt Title New Prompt Description
